<?xml version="1.0" encoding="UTF-8"?>
<!-- Generated by org.testng.reporters.JUnitReportReporter -->
<testsuite name="com.hcg.TngSdetUiTest" tests="3" time="20.725" ignored="0" failures="0" timestamp="16 Jun 2018 05:04:44 GMT" skipped="0" hostname="User" errors="0">
  <testcase name="testUserInterface" time="6.836" classname="com.hcg.TngSdetUiTest"/>
  <testcase name="testUserInterface" time="7.280" classname="com.hcg.TngSdetUiTest"/>
  <testcase name="testUserInterface" time="6.609" classname="com.hcg.TngSdetUiTest"/>
</testsuite> <!-- com.hcg.TngSdetUiTest -->
