<?xml version="1.0" encoding="UTF-8"?>
<!-- Generated by org.testng.reporters.JUnitReportReporter -->
<testsuite name="com.hcg.TngSdetRestApiTest" tests="1" time="0.147" ignored="0" failures="0" timestamp="16 Jun 2018 05:04:44 GMT" skipped="0" hostname="User" errors="0">
  <testcase name="testRestAPI" time="0.147" classname="com.hcg.TngSdetRestApiTest"/>
</testsuite> <!-- com.hcg.TngSdetRestApiTest -->
